{"D:\\Microverse_FullProgram\\module_2\\Week2\\ToDoList-dialite\\To-do-list-structure\\src\\list_functions.js": {"path":"D:\\Microverse_FullProgram\\module_2\\Week2\\ToDoList-dialite\\To-do-list-structure\\src\\list_functions.js","statementMap":{"0":{"start":{"line":1,"column":0},"end":{"line":8,"column":2}},"1":{"start":{"line":2,"column":14},"end":{"line":2,"column":28}},"2":{"start":{"line":3,"column":2},"end":{"line":7,"column":5}},"3":{"start":{"line":10,"column":0},"end":{"line":12,"column":2}},"4":{"start":{"line":11,"column":2},"end":{"line":11,"column":38}},"5":{"start":{"line":14,"column":0},"end":{"line":19,"column":2}},"6":{"start":{"line":15,"column":2},"end":{"line":15,"column":28}},"7":{"start":{"line":16,"column":2},"end":{"line":18,"column":5}},"8":{"start":{"line":17,"column":4},"end":{"line":17,"column":30}},"9":{"start":{"line":20,"column":0},"end":{"line":26,"column":2}},"10":{"start":{"line":21,"column":2},"end":{"line":21,"column":68}},"11":{"start":{"line":21,"column":40},"end":{"line":21,"column":66}},"12":{"start":{"line":22,"column":2},"end":{"line":24,"column":5}},"13":{"start":{"line":23,"column":4},"end":{"line":23,"column":30}},"14":{"start":{"line":25,"column":2},"end":{"line":25,"column":17}}},"fnMap":{"0":{"name":"(anonymous_0)","decl":{"start":{"line":1,"column":14},"end":{"line":1,"column":15}},"loc":{"start":{"line":1,"column":38},"end":{"line":8,"column":1}},"line":1},"1":{"name":"(anonymous_1)","decl":{"start":{"line":10,"column":15},"end":{"line":10,"column":16}},"loc":{"start":{"line":10,"column":43},"end":{"line":12,"column":1}},"line":10},"2":{"name":"(anonymous_2)","decl":{"start":{"line":14,"column":16},"end":{"line":14,"column":17}},"loc":{"start":{"line":14,"column":33},"end":{"line":19,"column":1}},"line":14},"3":{"name":"(anonymous_3)","decl":{"start":{"line":16,"column":18},"end":{"line":16,"column":19}},"loc":{"start":{"line":16,"column":38},"end":{"line":18,"column":3}},"line":16},"4":{"name":"(anonymous_4)","decl":{"start":{"line":20,"column":16},"end":{"line":20,"column":17}},"loc":{"start":{"line":20,"column":29},"end":{"line":26,"column":1}},"line":20},"5":{"name":"(anonymous_5)","decl":{"start":{"line":21,"column":27},"end":{"line":21,"column":28}},"loc":{"start":{"line":21,"column":40},"end":{"line":21,"column":66}},"line":21},"6":{"name":"(anonymous_6)","decl":{"start":{"line":22,"column":18},"end":{"line":22,"column":19}},"loc":{"start":{"line":22,"column":38},"end":{"line":24,"column":3}},"line":22}},"branchMap":{},"s":{"0":1,"1":1,"2":1,"3":1,"4":3,"5":1,"6":3,"7":3,"8":3,"9":1,"10":1,"11":3,"12":1,"13":1,"14":1},"f":{"0":1,"1":3,"2":3,"3":3,"4":1,"5":3,"6":1},"b":{},"_coverageSchema":"1a1c01bbd47fc00a2c39e90264f33305004495a9","hash":"fcb7b5a1ae621e6013b583cb3a47eae6a8266ac0"}
}
